0 info it worked if it ends with ok
1 verbose cli [ '/usr/local/bin/node',
1 verbose cli   '/usr/local/bin/npm',
1 verbose cli   'install',
1 verbose cli   '-g',
1 verbose cli   'n' ]
2 info using npm@3.10.10
3 info using node@v6.11.1
4 silly loadCurrentTree Starting
5 silly install loadCurrentTree
6 silly install readGlobalPackageData
7 silly fetchPackageMetaData n
8 silly fetchNamedPackageData n
9 silly mapToRegistry name n
10 silly mapToRegistry using default registry
11 silly mapToRegistry registry http://registry.npmjs.org/
12 silly mapToRegistry data Result {
12 silly mapToRegistry   raw: 'n',
12 silly mapToRegistry   scope: null,
12 silly mapToRegistry   escapedName: 'n',
12 silly mapToRegistry   name: 'n',
12 silly mapToRegistry   rawSpec: '',
12 silly mapToRegistry   spec: 'latest',
12 silly mapToRegistry   type: 'tag' }
13 silly mapToRegistry uri http://registry.npmjs.org/n
14 verbose request uri http://registry.npmjs.org/n
15 verbose request no auth needed
16 info attempt registry request try #1 at 10:01:17
17 verbose request using bearer token for auth
18 verbose request id f4a2e2a1db73ab8c
19 verbose etag W/"59626328-116ab"
20 verbose lastModified Sun, 09 Jul 2017 17:08:56 GMT
21 http request GET http://registry.npmjs.org/n
22 http 200 http://registry.npmjs.org/n
23 verbose headers { 'content-type': 'application/json; charset=UTF-8',
23 verbose headers   server: 'UploadServer',
23 verbose headers   'cache-control': 'max-age=300',
23 verbose headers   'last-modified': 'Wed, 6 Dec 2017 8:25:30 GMT',
23 verbose headers   etag: '"5a27a97a-1172b"',
23 verbose headers   'content-encoding': 'gzip',
23 verbose headers   'content-length': '11891',
23 verbose headers   'accept-ranges': 'bytes',
23 verbose headers   date: 'Wed, 03 Jan 2018 02:01:18 GMT',
23 verbose headers   via: '1.1 varnish',
23 verbose headers   age: '0',
23 verbose headers   connection: 'keep-alive',
23 verbose headers   'x-served-by': 'cache-hnd18730-HND',
23 verbose headers   'x-cache': 'MISS',
23 verbose headers   'x-cache-hits': '0',
23 verbose headers   'x-timer': 'S1514944878.414586,VS0,VE217',
23 verbose headers   vary: 'Accept-Encoding, Accept' }
24 silly get cb [ 200,
24 silly get   { 'content-type': 'application/json; charset=UTF-8',
24 silly get     server: 'UploadServer',
24 silly get     'cache-control': 'max-age=300',
24 silly get     'last-modified': 'Wed, 6 Dec 2017 8:25:30 GMT',
24 silly get     etag: '"5a27a97a-1172b"',
24 silly get     'content-encoding': 'gzip',
24 silly get     'content-length': '11891',
24 silly get     'accept-ranges': 'bytes',
24 silly get     date: 'Wed, 03 Jan 2018 02:01:18 GMT',
24 silly get     via: '1.1 varnish',
24 silly get     age: '0',
24 silly get     connection: 'keep-alive',
24 silly get     'x-served-by': 'cache-hnd18730-HND',
24 silly get     'x-cache': 'MISS',
24 silly get     'x-cache-hits': '0',
24 silly get     'x-timer': 'S1514944878.414586,VS0,VE217',
24 silly get     vary: 'Accept-Encoding, Accept' } ]
25 verbose get saving n to /Users/craftperson/.npm/registry.npmjs.org/n/.cache.json
26 verbose correctMkdir /Users/craftperson/.npm correctMkdir not in flight; initializing
27 silly install normalizeTree
28 silly loadCurrentTree Finishing
29 silly loadIdealTree Starting
30 silly install loadIdealTree
31 silly cloneCurrentTree Starting
32 silly install cloneCurrentTreeToIdealTree
33 silly cloneCurrentTree Finishing
34 silly loadShrinkwrap Starting
35 silly install loadShrinkwrap
36 silly loadShrinkwrap Finishing
37 silly loadAllDepsIntoIdealTree Starting
38 silly install loadAllDepsIntoIdealTree
39 silly resolveWithNewModule n@2.1.8 checking installable status
40 silly cache add args [ 'n', null ]
41 verbose cache add spec n
42 silly cache add parsed spec Result {
42 silly cache add   raw: 'n',
42 silly cache add   scope: null,
42 silly cache add   escapedName: 'n',
42 silly cache add   name: 'n',
42 silly cache add   rawSpec: '',
42 silly cache add   spec: 'latest',
42 silly cache add   type: 'tag' }
43 silly addNamed n@latest
44 verbose addNamed "latest" is being treated as a dist-tag for n
45 info addNameTag [ 'n', 'latest' ]
46 silly mapToRegistry name n
47 silly mapToRegistry using default registry
48 silly mapToRegistry registry http://registry.npmjs.org/
49 silly mapToRegistry data Result {
49 silly mapToRegistry   raw: 'n',
49 silly mapToRegistry   scope: null,
49 silly mapToRegistry   escapedName: 'n',
49 silly mapToRegistry   name: 'n',
49 silly mapToRegistry   rawSpec: '',
49 silly mapToRegistry   spec: 'latest',
49 silly mapToRegistry   type: 'tag' }
50 silly mapToRegistry uri http://registry.npmjs.org/n
51 verbose addNameTag registry:http://registry.npmjs.org/n not in flight; fetching
52 verbose get http://registry.npmjs.org/n not expired, no request
53 silly addNameTag next cb for n with tag latest
54 silly addNamed n@2.1.8
55 verbose addNamed "2.1.8" is a plain semver version for n
56 silly cache afterAdd n@2.1.8
57 verbose afterAdd /Users/craftperson/.npm/n/2.1.8/package/package.json not in flight; writing
58 verbose correctMkdir /Users/craftperson/.npm correctMkdir not in flight; initializing
59 verbose afterAdd /Users/craftperson/.npm/n/2.1.8/package/package.json written
60 silly loadAllDepsIntoIdealTree Finishing
61 silly loadIdealTree Finishing
62 silly currentTree lib
62 silly currentTree └── n@2.1.8
63 silly idealTree lib
63 silly idealTree └── n@2.1.8
64 silly generateActionsToTake Starting
65 silly install generateActionsToTake
66 warn checkPermissions Missing write access to /usr/local/lib/node_modules/n
67 warn checkPermissions Missing write access to /usr/local/lib/node_modules
68 silly rollbackFailedOptional Starting
69 silly rollbackFailedOptional Finishing
70 silly runTopLevelLifecycles Finishing
71 silly install printInstalled
72 verbose stack Error: EACCES: permission denied, access '/usr/local/lib/node_modules/n'
72 verbose stack     at Error (native)
73 verbose cwd /Users/craftperson/chae/simpleButton
74 error Darwin 16.0.0
75 error argv "/usr/local/bin/node" "/usr/local/bin/npm" "install" "-g" "n"
76 error node v6.11.1
77 error npm  v3.10.10
78 error path /usr/local/lib/node_modules/n
79 error code EACCES
80 error errno -13
81 error syscall access
82 error Error: EACCES: permission denied, access '/usr/local/lib/node_modules/n'
82 error     at Error (native)
82 error  { Error: EACCES: permission denied, access '/usr/local/lib/node_modules/n'
82 error     at Error (native)
82 error   errno: -13,
82 error   code: 'EACCES',
82 error   syscall: 'access',
82 error   path: '/usr/local/lib/node_modules/n' }
83 error Please try running this command again as root/Administrator.
84 verbose exit [ -13, true ]
